<!DOCTYPE html PUBLIC "-//W3C//DTD XHTML 1.1//EN" "https://www.w3.org/TR/xhtml11/DTD/xhtml11.dtd">
<html xmlns="https://www.w3.org/1999/xhtml">
<head>
<meta charset='utf-8'>
<title>TestNG Report</title>
<style type="text/css">
table {margin-bottom:10px;border-collapse:collapse;empty-cells:show}
td,th {border:1px solid #009;padding:.25em .5em}
.result th {vertical-align:bottom}
.param th {padding-left:1em;padding-right:1em}
.param td {padding-left:.5em;padding-right:2em}
.stripe td,.stripe th {background-color: #E6EBF9}
.numi,.numi_attn {text-align:right}
.total td {font-weight:bold}
.passedodd td {background-color: #0A0}
.passedeven td {background-color: #3F3}
.skippedodd td {background-color: #CCC}
.skippedodd td {background-color: #DDD}
.failedodd td,.numi_attn {background-color: #F33}
.failedeven td,.stripe .numi_attn {background-color: #D00}
.stacktrace {white-space:pre;font-family:monospace}
.totop {font-size:85%;text-align:center;border-bottom:2px solid #000}
</style>
</head>
<body>
<table cellspacing="0" cellpadding="0" class="testOverview">
<tr><th>Test</th><th>Methods<br/>Passed</th><th>Scenarios<br/>Passed</th><th># skipped</th><th># failed</th><th>Total<br/>Time</th><th>Included<br/>Groups</th><th>Excluded<br/>Groups</th></tr>
<tr><td style="text-align:left;padding-right:2em"><a href="#t1">C:/Users/chouw/IdeaProjects/Petar QA/GitHub - Inception</a></td><td class="numi">8</td><td class="numi">8</td><td class="numi">0</td><td class="numi_attn">2</td><td class="numi">119.6 seconds</td><td class="numi"></td><td class="numi"></td></tr>
</table>
<table cellspacing="0" cellpadding="0" class="methodOverview" id="summary">
<tr><th>Class</th><th>Method</th><th># of<br/>Scenarios</th><th>Start</th><th>Time<br/>(ms)</th></tr>
<tr id="t1"><th colspan="5">C:/Users/chouw/IdeaProjects/Petar QA/GitHub - Inception &#8212; failed</th></tr>
<tr class="failedodd"><td rowspan="2">tests.InceptionTest</td><td><a href="#m1"><b>checkForgottenPasswordFunctionality_F4</b>  </a></td><td class="numi">1</td><td>1661429817047</td><td class="numi">6761</td></tr><tr class="failedodd"><td><a href="#m2"><b>verifyInvalidRegistrationWithoutUpperCaseLowerCaseNumberAndSymbol_NF1</b>  </a></td><td class="numi">1</td><td>1661429856117</td><td class="numi">23590</td></tr>
<tr><th colspan="5">C:/Users/chouw/IdeaProjects/Petar QA/GitHub - Inception &#8212; passed</th></tr>
<tr class="passedodd"><td rowspan="8">tests.InceptionTest</td><td><a href="#m3"><b>verifyInvalidRegistrationWithValidPasswordWithLessThanSixCharacters_NF2</b>  </a></td><td class="numi">1</td><td>1661429883745</td><td class="numi">8825</td></tr><tr class="passedodd"><td><a href="#m4"><b>checkLoginEnterFunctionality_F9</b>  </a></td><td class="numi">1</td><td>1661429846419</td><td class="numi">6507</td></tr><tr class="passedodd"><td><a href="#m5"><b>checkErrorMessagesWithInvalidLogin_F5</b>  </a></td><td class="numi">1</td><td>1661429827082</td><td class="numi">4582</td></tr><tr class="passedodd"><td><a href="#m6"><b>verifyInvalidBackFunctionalityAfterLogOut_NF3</b>  </a></td><td class="numi">1</td><td>1661429895995</td><td class="numi">8602</td></tr><tr class="passedodd"><td><a href="#m7"><b>loginWithOneEmptyField_F3</b>  </a></td><td class="numi">1</td><td>1661429807819</td><td class="numi">4490</td></tr><tr class="passedodd"><td><a href="#m8"><b>loginWithValidCredentials_F1</b>  </a></td><td class="numi">1</td><td>1661429785936</td><td class="numi">6958</td></tr><tr class="passedodd"><td><a href="#m9"><b>loginWithInvalidPassword_F2</b>  </a></td><td class="numi">1</td><td>1661429797816</td><td class="numi">4641</td></tr><tr class="passedodd"><td><a href="#m10"><b>checkPasswordVisibility_F6</b>  </a></td><td class="numi">1</td><td>1661429836677</td><td class="numi">4580</td></tr>
</table>
<h1>C:/Users/chouw/IdeaProjects/Petar QA/GitHub - Inception</h1>
<h2 id="m1">tests.InceptionTest:verifyInvalidRegistrationWithoutUpperCaseLowerCaseNumberAndSymbol_NF1</h2>
<div>
<div class="stacktrace">java.lang.AssertionError: The following asserts failed:
	Password &gt;&gt; Petar1234 &lt;&lt; is valid password. expected [Lozinka ne zadovoljava kriterijum od minimum 6 karaktera, bar jedno veliko slovo i jedan broj.] but found [USER_USERNAME_UNIQUE]
	at org.testng.asserts.SoftAssert.assertAll(SoftAssert.java:46)
	at org.testng.asserts.SoftAssert.assertAll(SoftAssert.java:30)
	at tests.InceptionTest.verifyInvalidRegistrationWithoutUpperCaseLowerCaseNumberAndSymbol_NF1(InceptionTest.java:111)
	at java.base/jdk.internal.reflect.NativeMethodAccessorImpl.invoke0(Native Method)
	at java.base/jdk.internal.reflect.NativeMethodAccessorImpl.invoke(NativeMethodAccessorImpl.java:78)
	at java.base/jdk.internal.reflect.DelegatingMethodAccessorImpl.invoke(DelegatingMethodAccessorImpl.java:43)
	at java.base/java.lang.reflect.Method.invoke(Method.java:567)
	at org.testng.internal.invokers.MethodInvocationHelper.invokeMethod(MethodInvocationHelper.java:139)
	at org.testng.internal.invokers.TestInvoker.invokeMethod(TestInvoker.java:677)
	at org.testng.internal.invokers.TestInvoker.invokeTestMethod(TestInvoker.java:221)
	at org.testng.internal.invokers.MethodRunner.runInSequence(MethodRunner.java:50)
	at org.testng.internal.invokers.TestInvoker$MethodInvocationAgent.invoke(TestInvoker.java:962)
	at org.testng.internal.invokers.TestInvoker.invokeTestMethods(TestInvoker.java:194)
	at org.testng.internal.invokers.TestMethodWorker.invokeTestMethods(TestMethodWorker.java:148)
	at org.testng.internal.invokers.TestMethodWorker.run(TestMethodWorker.java:128)
	at java.base/java.util.ArrayList.forEach(ArrayList.java:1511)
	at org.testng.TestRunner.privateRun(TestRunner.java:806)
	at org.testng.TestRunner.run(TestRunner.java:601)
	at org.testng.SuiteRunner.runTest(SuiteRunner.java:433)
	at org.testng.SuiteRunner.runSequentially(SuiteRunner.java:427)
	at org.testng.SuiteRunner.privateRun(SuiteRunner.java:387)
	at org.testng.SuiteRunner.run(SuiteRunner.java:330)
	at org.testng.SuiteRunnerWorker.runSuite(SuiteRunnerWorker.java:52)
	at org.testng.SuiteRunnerWorker.run(SuiteRunnerWorker.java:95)
	at org.testng.TestNG.runSuitesSequentially(TestNG.java:1256)
	at org.testng.TestNG.runSuitesLocally(TestNG.java:1176)
	at org.testng.TestNG.runSuites(TestNG.java:1099)
	at org.testng.TestNG.run(TestNG.java:1067)
	at com.intellij.rt.testng.IDEARemoteTestNG.run(IDEARemoteTestNG.java:66)
	at com.intellij.rt.testng.RemoteTestNGStarter.main(RemoteTestNGStarter.java:109)
</div>
</div>
<p class="totop"><a href="#summary">back to summary</a></p>
<h2 id="m2">tests.InceptionTest:checkForgottenPasswordFunctionality_F4</h2>
<div>
<div class="stacktrace">java.lang.AssertionError: GRESKA expected [Na navedenu mail adresu poslat je link za promenu lozinke********] but found [Na navedenu mail adresu poslat je link za promenu lozinke]
	at org.testng.Assert.fail(Assert.java:110)
	at org.testng.Assert.failNotEquals(Assert.java:1413)
	at org.testng.Assert.assertEqualsImpl(Assert.java:149)
	at org.testng.Assert.assertEquals(Assert.java:131)
	at org.testng.Assert.assertEquals(Assert.java:655)
	at tests.InceptionTest.checkForgottenPasswordFunctionality_F4(InceptionTest.java:62)
	at java.base/jdk.internal.reflect.NativeMethodAccessorImpl.invoke0(Native Method)
	at java.base/jdk.internal.reflect.NativeMethodAccessorImpl.invoke(NativeMethodAccessorImpl.java:78)
	at java.base/jdk.internal.reflect.DelegatingMethodAccessorImpl.invoke(DelegatingMethodAccessorImpl.java:43)
	at java.base/java.lang.reflect.Method.invoke(Method.java:567)
	at org.testng.internal.invokers.MethodInvocationHelper.invokeMethod(MethodInvocationHelper.java:139)
	at org.testng.internal.invokers.TestInvoker.invokeMethod(TestInvoker.java:677)
	at org.testng.internal.invokers.TestInvoker.invokeTestMethod(TestInvoker.java:221)
	at org.testng.internal.invokers.MethodRunner.runInSequence(MethodRunner.java:50)
	at org.testng.internal.invokers.TestInvoker$MethodInvocationAgent.invoke(TestInvoker.java:962)
	at org.testng.internal.invokers.TestInvoker.invokeTestMethods(TestInvoker.java:194)
	at org.testng.internal.invokers.TestMethodWorker.invokeTestMethods(TestMethodWorker.java:148)
	at org.testng.internal.invokers.TestMethodWorker.run(TestMethodWorker.java:128)
	at java.base/java.util.ArrayList.forEach(ArrayList.java:1511)
	at org.testng.TestRunner.privateRun(TestRunner.java:806)
	at org.testng.TestRunner.run(TestRunner.java:601)
	at org.testng.SuiteRunner.runTest(SuiteRunner.java:433)
	at org.testng.SuiteRunner.runSequentially(SuiteRunner.java:427)
	at org.testng.SuiteRunner.privateRun(SuiteRunner.java:387)
	at org.testng.SuiteRunner.run(SuiteRunner.java:330)
	at org.testng.SuiteRunnerWorker.runSuite(SuiteRunnerWorker.java:52)
	at org.testng.SuiteRunnerWorker.run(SuiteRunnerWorker.java:95)
	at org.testng.TestNG.runSuitesSequentially(TestNG.java:1256)
	at org.testng.TestNG.runSuitesLocally(TestNG.java:1176)
	at org.testng.TestNG.runSuites(TestNG.java:1099)
	at org.testng.TestNG.run(TestNG.java:1067)
	at com.intellij.rt.testng.IDEARemoteTestNG.run(IDEARemoteTestNG.java:66)
	at com.intellij.rt.testng.RemoteTestNGStarter.main(RemoteTestNGStarter.java:109)
</div>
</div>
<p class="totop"><a href="#summary">back to summary</a></p>
<h2 id="m3">tests.InceptionTest:verifyInvalidRegistrationWithValidPasswordWithLessThanSixCharacters_NF2</h2>
<p class="totop"><a href="#summary">back to summary</a></p>
<h2 id="m4">tests.InceptionTest:loginWithOneEmptyField_F3</h2>
<p class="totop"><a href="#summary">back to summary</a></p>
<h2 id="m5">tests.InceptionTest:loginWithValidCredentials_F1</h2>
<p class="totop"><a href="#summary">back to summary</a></p>
<h2 id="m6">tests.InceptionTest:verifyInvalidBackFunctionalityAfterLogOut_NF3</h2>
<p class="totop"><a href="#summary">back to summary</a></p>
<h2 id="m7">tests.InceptionTest:loginWithInvalidPassword_F2</h2>
<p class="totop"><a href="#summary">back to summary</a></p>
<h2 id="m8">tests.InceptionTest:checkLoginEnterFunctionality_F9</h2>
<p class="totop"><a href="#summary">back to summary</a></p>
<h2 id="m9">tests.InceptionTest:checkPasswordVisibility_F6</h2>
<p class="totop"><a href="#summary">back to summary</a></p>
<h2 id="m10">tests.InceptionTest:checkErrorMessagesWithInvalidLogin_F5</h2>
<p class="totop"><a href="#summary">back to summary</a></p>
</body></html>
